2025-07-22 04:45:56 [INFO] <KERNEL> Starting common-lisp kernel
2025-07-22 04:45:56 [INFO] <KERNEL> Parsing connection file /tmp/tmpufgx_jzq.json
2025-07-22 04:45:56 [INFO] <MAC> Starting message authentification
2025-07-22 04:45:56 [INFO] <MAC> Using hmac with sha256 digest for message signing.
2025-07-22 04:45:56 [INFO] <HB-CHANNEL> Starting channel on tcp://127.0.0.1:53009
2025-07-22 04:45:56 [INFO] <HB-CHANNEL> Starting thread
2025-07-22 04:45:56 [INFO] <IOPUB-CHANNEL> Starting channel on tcp://127.0.0.1:49479
2025-07-22 04:45:56 [INFO] <SHELL-CHANNEL> Starting channel on tcp://127.0.0.1:38655
2025-07-22 04:45:56 [INFO] <STDIN-CHANNEL> Starting channel on tcp://127.0.0.1:60199
2025-07-22 04:45:56 [INFO] <CONTROL-CHANNEL> Starting channel on tcp://127.0.0.1:51439
2025-07-22 04:45:56 [INFO] <HISTORY> Starting history
2025-07-22 04:45:56 [INFO] <KERNEL> Loading CLHS map
2025-07-22 04:45:56 [INFO] <KERNEL> Handling kernel_info_request message
2025-07-22 04:45:56 [INFO] <KERNEL> Handling kernel_info_request message
2025-07-22 04:45:56 [INFO] <KERNEL> Handling kernel_info_request message
2025-07-22 04:45:56 [INFO] <KERNEL> Handling kernel_info_request message
2025-07-22 04:45:56 [INFO] <KERNEL> Handling execute_request message
2025-07-22 04:45:56 [INFO] <KERNEL> Handling execute_request message
2025-07-22 04:45:56 [INFO] <KERNEL> Handling execute_request message
2025-07-22 04:45:57 [INFO] <KERNEL> Handling execute_request message
2025-07-22 04:45:57 [INFO] <KERNEL> Handling execute_request message
2025-07-22 04:45:57 [INFO] <KERNEL> Handling execute_request message
2025-07-22 04:45:57 [INFO] <KERNEL> Handling execute_request message
2025-07-22 04:45:58 [INFO] <KERNEL> Handling execute_request message
2025-07-22 04:45:58 [INFO] <KERNEL> Handling execute_request message
2025-07-22 04:45:58 [INFO] <KERNEL> Handling execute_request message
2025-07-22 04:45:58 [INFO] <KERNEL> Handling execute_request message
2025-07-22 04:45:58 [INFO] <KERNEL> Handling execute_request message
2025-07-22 04:45:58 [INFO] <KERNEL> Handling execute_request message
2025-07-22 04:45:58 [INFO] <KERNEL> Handling execute_request message
2025-07-22 04:45:58 [INFO] <KERNEL> Handling execute_request message
2025-07-22 04:45:58 [INFO] <KERNEL> Handling execute_request message
2025-07-22 04:45:58 [INFO] <KERNEL> Handling execute_request message
2025-07-22 04:45:58 [INFO] <KERNEL> Handling execute_request message
2025-07-22 04:45:58 [INFO] <KERNEL> Handling execute_request message
2025-07-22 04:45:58 [INFO] <KERNEL> Handling execute_request message
2025-07-22 04:45:58 [INFO] <KERNEL> Handling execute_request message
2025-07-22 04:45:58 [INFO] <KERNEL> Handling execute_request message
2025-07-22 04:45:58 [INFO] <KERNEL> Handling execute_request message
2025-07-22 04:45:58 [INFO] <KERNEL> Handling execute_request message
2025-07-22 04:45:58 [INFO] <KERNEL> Handling execute_request message
2025-07-22 04:45:58 [INFO] <KERNEL> Handling execute_request message
2025-07-22 04:45:58 [INFO] <KERNEL> Handling execute_request message
2025-07-22 04:45:59 [INFO] <KERNEL> Handling execute_request message
2025-07-22 04:46:00 [INFO] <KERNEL> Handling execute_request message
2025-07-22 04:46:00 [INFO] <KERNEL> Handling execute_request message
2025-07-22 04:46:00 [INFO] <KERNEL> Handling execute_request message
2025-07-22 04:46:00 [INFO] <KERNEL> Handling execute_request message
2025-07-22 04:46:00 [INFO] <KERNEL> Handling execute_request message
2025-07-22 04:46:00 [INFO] <KERNEL> Handling execute_request message
2025-07-22 04:46:00 [INFO] <KERNEL> Handling execute_request message
2025-07-22 04:46:00 [INFO] <KERNEL> Handling execute_request message
2025-07-22 04:46:00 [INFO] <KERNEL> Handling execute_request message
2025-07-22 04:46:00 [INFO] <KERNEL> Handling execute_request message
2025-07-22 04:46:00 [INFO] <KERNEL> Handling execute_request message
2025-07-22 04:46:01 [INFO] <KERNEL> Handling execute_request message
2025-07-22 04:46:01 [INFO] <KERNEL> Handling execute_request message
2025-07-22 04:46:01 [INFO] <KERNEL> Handling execute_request message
2025-07-22 04:46:01 [INFO] <KERNEL> Handling execute_request message
2025-07-22 04:46:01 [INFO] <KERNEL> Handling execute_request message
2025-07-22 04:46:01 [INFO] <KERNEL> Handling execute_request message
2025-07-22 04:46:01 [INFO] <KERNEL> Handling execute_request message
2025-07-22 04:46:01 [INFO] <KERNEL> Handling execute_request message
2025-07-22 04:46:01 [INFO] <KERNEL> Handling execute_request message
2025-07-22 04:46:01 [INFO] <KERNEL> Handling execute_request message
2025-07-22 04:46:01 [INFO] <KERNEL> Handling execute_request message
2025-07-22 04:46:01 [INFO] <KERNEL> Handling execute_request message
2025-07-22 04:46:01 [INFO] <KERNEL> Handling execute_request message
2025-07-22 04:46:01 [INFO] <KERNEL> Handling execute_request message
2025-07-22 04:46:01 [INFO] <KERNEL> Handling execute_request message
2025-07-22 04:46:01 [INFO] <KERNEL> Handling execute_request message
2025-07-22 04:46:01 [INFO] <KERNEL> Handling execute_request message
2025-07-22 04:46:01 [INFO] <KERNEL> Handling execute_request message
2025-07-22 04:46:01 [INFO] <KERNEL> Handling execute_request message
2025-07-22 04:46:01 [INFO] <KERNEL> Handling execute_request message
2025-07-22 04:46:01 [INFO] <KERNEL> Handling execute_request message
2025-07-22 04:46:01 [INFO] <KERNEL> Handling execute_request message
2025-07-22 04:46:01 [INFO] <KERNEL> Handling execute_request message
2025-07-22 04:46:02 [INFO] <KERNEL> Handling execute_request message
2025-07-22 04:46:02 [INFO] <KERNEL> Handling execute_request message
2025-07-22 04:46:02 [INFO] <KERNEL> Handling execute_request message
2025-07-22 04:46:02 [INFO] <KERNEL> Handling execute_request message
2025-07-22 04:46:02 [INFO] <KERNEL> Handling execute_request message
2025-07-22 04:46:02 [INFO] <KERNEL> Handling execute_request message
2025-07-22 04:46:02 [INFO] <KERNEL> Handling execute_request message
2025-07-22 04:46:02 [INFO] <KERNEL> Handling execute_request message
2025-07-22 04:46:02 [INFO] <KERNEL> Handling execute_request message
2025-07-22 04:46:02 [INFO] <KERNEL> Handling execute_request message
2025-07-22 04:46:02 [INFO] <KERNEL> Handling interrupt_request message
2025-07-22 04:46:03 [INFO] <KERNEL> Handling shutdown_request message
2025-07-22 04:46:03 [INFO] <KERNEL> Stopping common-lisp kernel
2025-07-22 04:46:03 [INFO] <HB-CHANNEL> Stopping thread
2025-07-22 04:46:03 [INFO] <HB-CHANNEL> Stopping channel
2025-07-22 04:46:03 [INFO] <IOPUB-CHANNEL> Stopping channel
2025-07-22 04:46:03 [INFO] <SHELL-CHANNEL> Stopping channel
2025-07-22 04:46:03 [INFO] <STDIN-CHANNEL> Stopping channel
2025-07-22 04:46:03 [INFO] <CONTROL-CHANNEL> Stopping channel
2025-07-22 04:46:03 [INFO] <MAC> Stopping message authentification
2025-07-22 04:46:03 [INFO] <HISTORY> Stopping history
