2025-07-22 05:02:21 [INFO] <KERNEL> Starting common-lisp kernel
2025-07-22 05:02:21 [INFO] <KERNEL> Parsing connection file /tmp/tmpvke73f5h.json
2025-07-22 05:02:21 [INFO] <MAC> Starting message authentification
2025-07-22 05:02:21 [INFO] <MAC> Using hmac with sha256 digest for message signing.
2025-07-22 05:02:21 [INFO] <HB-CHANNEL> Starting channel on tcp://127.0.0.1:43183
2025-07-22 05:02:21 [INFO] <HB-CHANNEL> Starting thread
2025-07-22 05:02:21 [INFO] <IOPUB-CHANNEL> Starting channel on tcp://127.0.0.1:58083
2025-07-22 05:02:21 [INFO] <SHELL-CHANNEL> Starting channel on tcp://127.0.0.1:42597
2025-07-22 05:02:21 [INFO] <STDIN-CHANNEL> Starting channel on tcp://127.0.0.1:57315
2025-07-22 05:02:21 [INFO] <CONTROL-CHANNEL> Starting channel on tcp://127.0.0.1:35843
2025-07-22 05:02:21 [INFO] <HISTORY> Starting history
2025-07-22 05:02:21 [INFO] <KERNEL> Loading CLHS map
2025-07-22 05:02:21 [INFO] <KERNEL> Handling kernel_info_request message
2025-07-22 05:02:21 [INFO] <KERNEL> Handling kernel_info_request message
2025-07-22 05:02:21 [INFO] <KERNEL> Handling kernel_info_request message
2025-07-22 05:02:21 [INFO] <KERNEL> Handling kernel_info_request message
2025-07-22 05:02:21 [INFO] <KERNEL> Handling kernel_info_request message
2025-07-22 05:02:21 [INFO] <KERNEL> Handling kernel_info_request message
2025-07-22 05:02:21 [INFO] <KERNEL> Handling execute_request message
2025-07-22 05:02:22 [INFO] <KERNEL> Handling execute_request message
2025-07-22 05:02:22 [INFO] <KERNEL> Handling execute_request message
2025-07-22 05:02:23 [INFO] <KERNEL> Handling execute_request message
2025-07-22 05:02:23 [INFO] <KERNEL> Handling execute_request message
2025-07-22 05:02:23 [INFO] <KERNEL> Handling execute_request message
2025-07-22 05:02:23 [INFO] <KERNEL> Handling execute_request message
2025-07-22 05:02:23 [INFO] <KERNEL> Handling execute_request message
2025-07-22 05:02:23 [INFO] <KERNEL> Handling execute_request message
2025-07-22 05:02:23 [INFO] <KERNEL> Handling execute_request message
2025-07-22 05:02:23 [INFO] <KERNEL> Handling execute_request message
2025-07-22 05:02:23 [INFO] <KERNEL> Handling execute_request message
2025-07-22 05:02:23 [INFO] <KERNEL> Handling execute_request message
2025-07-22 05:02:23 [INFO] <KERNEL> Handling execute_request message
2025-07-22 05:02:23 [INFO] <KERNEL> Handling execute_request message
2025-07-22 05:02:23 [INFO] <KERNEL> Handling execute_request message
2025-07-22 05:02:24 [INFO] <KERNEL> Handling execute_request message
2025-07-22 05:02:24 [INFO] <KERNEL> Handling interrupt_request message
2025-07-22 05:02:25 [INFO] <KERNEL> Handling shutdown_request message
2025-07-22 05:02:25 [INFO] <KERNEL> Shell thread exiting normally.
2025-07-22 05:02:25 [INFO] <KERNEL> Stopping common-lisp kernel
2025-07-22 05:02:25 [INFO] <HB-CHANNEL> Stopping thread
2025-07-22 05:02:25 [INFO] <HB-CHANNEL> Stopping channel
2025-07-22 05:02:25 [INFO] <IOPUB-CHANNEL> Stopping channel
2025-07-22 05:02:25 [INFO] <SHELL-CHANNEL> Stopping channel
2025-07-22 05:02:25 [INFO] <STDIN-CHANNEL> Stopping channel
2025-07-22 05:02:25 [INFO] <CONTROL-CHANNEL> Stopping channel
2025-07-22 05:02:25 [INFO] <MAC> Stopping message authentification
2025-07-22 05:02:25 [INFO] <HISTORY> Stopping history
